<?xml version="1.0" encoding="UTF-8"?>
<!-- Generated by org.testng.reporters.JUnitReportReporter -->
<testsuite skipped="0" hostname="AMBAU000995" name="com.file.demo.Basics" tests="1" failures="0" timestamp="2022-09-28T11:43:34 AEST" time="5.783" errors="0">
  <testcase name="send" time="5.783" classname="com.file.demo.Basics"/>
  <system-out/>
</testsuite> <!-- com.file.demo.Basics -->
