<?xml version="1.0" encoding="UTF-8"?>
<!-- Generated by org.testng.reporters.JUnitReportReporter -->
<testsuite skipped="0" hostname="AMBAU000995" name="com.file.democom.file.auth.Gettoken" tests="1" failures="0" timestamp="2022-08-10T15:00:56 AEST" time="1.738" errors="0">
  <testcase name="gettoken" time="1.738" classname="com.file.democom.file.auth.Gettoken"/>
  <system-out/>
</testsuite> <!-- com.file.democom.file.auth.Gettoken -->
